INFO:     Started server process [27912]
INFO:     Waiting for application startup.
INFO:     Application startup complete.
INFO:     Uvicorn running on http://127.0.0.1:8002 (Press CTRL+C to quit)
D:\AI Business Analytics Dashboard\.venv\Lib\site-packages\jwt\api_jwt.py:147: InsecureKeyLengthWarning: The HMAC key is 14 bytes long, which is below the minimum recommended length of 32 bytes for SHA256. See RFC 7518 Section 3.2.
  return self._jws.encode(
D:\AI Business Analytics Dashboard\.venv\Lib\site-packages\jwt\api_jwt.py:368: InsecureKeyLengthWarning: The HMAC key is 14 bytes long, which is below the minimum recommended length of 32 bytes for SHA256. See RFC 7518 Section 3.2.
  decoded = self.decode_complete(
D:\AI Business Analytics Dashboard\.venv\Lib\site-packages\jwt\api_jwt.py:368: InsecureKeyLengthWarning: The HMAC key is 14 bytes long, which is below the minimum recommended length of 32 bytes for SHA256. See RFC 7518 Section 3.2.
  decoded = self.decode_complete(
D:\AI Business Analytics Dashboard\.venv\Lib\site-packages\sklearn\utils\validation.py:2827: UserWarning: X does not have valid feature names, but LinearRegression was fitted with feature names
  warnings.warn(
D:\AI Business Analytics Dashboard\.venv\Lib\site-packages\jwt\api_jwt.py:368: InsecureKeyLengthWarning: The HMAC key is 14 bytes long, which is below the minimum recommended length of 32 bytes for SHA256. See RFC 7518 Section 3.2.
  decoded = self.decode_complete(
D:\AI Business Analytics Dashboard\.venv\Lib\site-packages\jwt\api_jwt.py:147: InsecureKeyLengthWarning: The HMAC key is 14 bytes long, which is below the minimum recommended length of 32 bytes for SHA256. See RFC 7518 Section 3.2.
  return self._jws.encode(
D:\AI Business Analytics Dashboard\.venv\Lib\site-packages\jwt\api_jwt.py:368: InsecureKeyLengthWarning: The HMAC key is 14 bytes long, which is below the minimum recommended length of 32 bytes for SHA256. See RFC 7518 Section 3.2.
  decoded = self.decode_complete(
D:\AI Business Analytics Dashboard\.venv\Lib\site-packages\sklearn\utils\validation.py:2827: UserWarning: X does not have valid feature names, but LinearRegression was fitted with feature names
  warnings.warn(
D:\AI Business Analytics Dashboard\.venv\Lib\site-packages\jwt\api_jwt.py:368: InsecureKeyLengthWarning: The HMAC key is 14 bytes long, which is below the minimum recommended length of 32 bytes for SHA256. See RFC 7518 Section 3.2.
  decoded = self.decode_complete(
D:\AI Business Analytics Dashboard\.venv\Lib\site-packages\jwt\api_jwt.py:368: InsecureKeyLengthWarning: The HMAC key is 14 bytes long, which is below the minimum recommended length of 32 bytes for SHA256. See RFC 7518 Section 3.2.
  decoded = self.decode_complete(
D:\AI Business Analytics Dashboard\.venv\Lib\site-packages\sklearn\utils\validation.py:2827: UserWarning: X does not have valid feature names, but LinearRegression was fitted with feature names
  warnings.warn(
D:\AI Business Analytics Dashboard\.venv\Lib\site-packages\jwt\api_jwt.py:368: InsecureKeyLengthWarning: The HMAC key is 14 bytes long, which is below the minimum recommended length of 32 bytes for SHA256. See RFC 7518 Section 3.2.
  decoded = self.decode_complete(
D:\AI Business Analytics Dashboard\.venv\Lib\site-packages\jwt\api_jwt.py:368: InsecureKeyLengthWarning: The HMAC key is 14 bytes long, which is below the minimum recommended length of 32 bytes for SHA256. See RFC 7518 Section 3.2.
  decoded = self.decode_complete(
D:\AI Business Analytics Dashboard\.venv\Lib\site-packages\sklearn\utils\validation.py:2827: UserWarning: X does not have valid feature names, but LinearRegression was fitted with feature names
  warnings.warn(
D:\AI Business Analytics Dashboard\.venv\Lib\site-packages\jwt\api_jwt.py:368: InsecureKeyLengthWarning: The HMAC key is 14 bytes long, which is below the minimum recommended length of 32 bytes for SHA256. See RFC 7518 Section 3.2.
  decoded = self.decode_complete(
D:\AI Business Analytics Dashboard\.venv\Lib\site-packages\jwt\api_jwt.py:368: InsecureKeyLengthWarning: The HMAC key is 14 bytes long, which is below the minimum recommended length of 32 bytes for SHA256. See RFC 7518 Section 3.2.
  decoded = self.decode_complete(
D:\AI Business Analytics Dashboard\.venv\Lib\site-packages\sklearn\utils\validation.py:2827: UserWarning: X does not have valid feature names, but LinearRegression was fitted with feature names
  warnings.warn(
D:\AI Business Analytics Dashboard\.venv\Lib\site-packages\jwt\api_jwt.py:368: InsecureKeyLengthWarning: The HMAC key is 14 bytes long, which is below the minimum recommended length of 32 bytes for SHA256. See RFC 7518 Section 3.2.
  decoded = self.decode_complete(
D:\AI Business Analytics Dashboard\.venv\Lib\site-packages\jwt\api_jwt.py:368: InsecureKeyLengthWarning: The HMAC key is 14 bytes long, which is below the minimum recommended length of 32 bytes for SHA256. See RFC 7518 Section 3.2.
  decoded = self.decode_complete(
D:\AI Business Analytics Dashboard\.venv\Lib\site-packages\sklearn\utils\validation.py:2827: UserWarning: X does not have valid feature names, but LinearRegression was fitted with feature names
  warnings.warn(
D:\AI Business Analytics Dashboard\.venv\Lib\site-packages\jwt\api_jwt.py:368: InsecureKeyLengthWarning: The HMAC key is 14 bytes long, which is below the minimum recommended length of 32 bytes for SHA256. See RFC 7518 Section 3.2.
  decoded = self.decode_complete(
D:\AI Business Analytics Dashboard\.venv\Lib\site-packages\jwt\api_jwt.py:368: InsecureKeyLengthWarning: The HMAC key is 14 bytes long, which is below the minimum recommended length of 32 bytes for SHA256. See RFC 7518 Section 3.2.
  decoded = self.decode_complete(
D:\AI Business Analytics Dashboard\.venv\Lib\site-packages\sklearn\utils\validation.py:2827: UserWarning: X does not have valid feature names, but LinearRegression was fitted with feature names
  warnings.warn(
D:\AI Business Analytics Dashboard\.venv\Lib\site-packages\jwt\api_jwt.py:368: InsecureKeyLengthWarning: The HMAC key is 14 bytes long, which is below the minimum recommended length of 32 bytes for SHA256. See RFC 7518 Section 3.2.
  decoded = self.decode_complete(
D:\AI Business Analytics Dashboard\.venv\Lib\site-packages\jwt\api_jwt.py:368: InsecureKeyLengthWarning: The HMAC key is 14 bytes long, which is below the minimum recommended length of 32 bytes for SHA256. See RFC 7518 Section 3.2.
  decoded = self.decode_complete(
D:\AI Business Analytics Dashboard\.venv\Lib\site-packages\sklearn\utils\validation.py:2827: UserWarning: X does not have valid feature names, but LinearRegression was fitted with feature names
  warnings.warn(
D:\AI Business Analytics Dashboard\.venv\Lib\site-packages\jwt\api_jwt.py:368: InsecureKeyLengthWarning: The HMAC key is 14 bytes long, which is below the minimum recommended length of 32 bytes for SHA256. See RFC 7518 Section 3.2.
  decoded = self.decode_complete(
D:\AI Business Analytics Dashboard\.venv\Lib\site-packages\jwt\api_jwt.py:368: InsecureKeyLengthWarning: The HMAC key is 14 bytes long, which is below the minimum recommended length of 32 bytes for SHA256. See RFC 7518 Section 3.2.
  decoded = self.decode_complete(
D:\AI Business Analytics Dashboard\.venv\Lib\site-packages\sklearn\utils\validation.py:2827: UserWarning: X does not have valid feature names, but LinearRegression was fitted with feature names
  warnings.warn(
D:\AI Business Analytics Dashboard\.venv\Lib\site-packages\jwt\api_jwt.py:147: InsecureKeyLengthWarning: The HMAC key is 14 bytes long, which is below the minimum recommended length of 32 bytes for SHA256. See RFC 7518 Section 3.2.
  return self._jws.encode(
D:\AI Business Analytics Dashboard\.venv\Lib\site-packages\jwt\api_jwt.py:368: InsecureKeyLengthWarning: The HMAC key is 14 bytes long, which is below the minimum recommended length of 32 bytes for SHA256. See RFC 7518 Section 3.2.
  decoded = self.decode_complete(
D:\AI Business Analytics Dashboard\.venv\Lib\site-packages\jwt\api_jwt.py:368: InsecureKeyLengthWarning: The HMAC key is 14 bytes long, which is below the minimum recommended length of 32 bytes for SHA256. See RFC 7518 Section 3.2.
  decoded = self.decode_complete(
D:\AI Business Analytics Dashboard\.venv\Lib\site-packages\sklearn\utils\validation.py:2827: UserWarning: X does not have valid feature names, but LinearRegression was fitted with feature names
  warnings.warn(
D:\AI Business Analytics Dashboard\.venv\Lib\site-packages\jwt\api_jwt.py:368: InsecureKeyLengthWarning: The HMAC key is 14 bytes long, which is below the minimum recommended length of 32 bytes for SHA256. See RFC 7518 Section 3.2.
  decoded = self.decode_complete(
D:\AI Business Analytics Dashboard\.venv\Lib\site-packages\jwt\api_jwt.py:368: InsecureKeyLengthWarning: The HMAC key is 14 bytes long, which is below the minimum recommended length of 32 bytes for SHA256. See RFC 7518 Section 3.2.
  decoded = self.decode_complete(
D:\AI Business Analytics Dashboard\.venv\Lib\site-packages\sklearn\utils\validation.py:2827: UserWarning: X does not have valid feature names, but LinearRegression was fitted with feature names
  warnings.warn(
D:\AI Business Analytics Dashboard\.venv\Lib\site-packages\jwt\api_jwt.py:368: InsecureKeyLengthWarning: The HMAC key is 14 bytes long, which is below the minimum recommended length of 32 bytes for SHA256. See RFC 7518 Section 3.2.
  decoded = self.decode_complete(
D:\AI Business Analytics Dashboard\.venv\Lib\site-packages\jwt\api_jwt.py:368: InsecureKeyLengthWarning: The HMAC key is 14 bytes long, which is below the minimum recommended length of 32 bytes for SHA256. See RFC 7518 Section 3.2.
  decoded = self.decode_complete(
D:\AI Business Analytics Dashboard\.venv\Lib\site-packages\sklearn\utils\validation.py:2827: UserWarning: X does not have valid feature names, but LinearRegression was fitted with feature names
  warnings.warn(
